
============================================================
 HPO: unet (20 trials x 50 epochs)
============================================================
  0%|          | 0/20 [00:00<?, ?it/s]Best trial: 0. Best value: 0.576712:   0%|          | 0/20 [03:53<?, ?it/s]Best trial: 0. Best value: 0.576712:   5%|▌         | 1/20 [03:53<1:14:05, 233.97s/it]  Ep   1/50 | loss=2.0994 | val dir=0.170 int=0.084 *
  Ep   3/50 | loss=1.9672 | val dir=0.259 int=0.537 *
  Ep   6/50 | loss=1.7903 | val dir=0.434 int=0.508 *
  Ep   8/50 | loss=1.6809 | val dir=0.460 int=0.566 *
  Ep   9/50 | loss=1.6436 | val dir=0.514 int=0.622 *
  Ep  10/50 | loss=1.6150 | val dir=0.525 int=0.544 *
  Ep  16/50 | loss=1.5260 | val dir=0.541 int=0.593 *
  Ep  20/50 | loss=1.4535 | val dir=0.503 int=0.574
  Ep  22/50 | loss=1.4373 | val dir=0.548 int=0.573 *
  Ep  23/50 | loss=1.4362 | val dir=0.551 int=0.610 *
  Ep  29/50 | loss=1.3672 | val dir=0.556 int=0.510 *
  Ep  30/50 | loss=1.3688 | val dir=0.560 int=0.571 *
  Ep  37/50 | loss=1.2988 | val dir=0.577 int=0.582 *
  Ep  40/50 | loss=1.2846 | val dir=0.568 int=0.574
  Early stop at ep 49
Best trial: 0. Best value: 0.576712:   5%|▌         | 1/20 [06:24<1:14:05, 233.97s/it]Best trial: 0. Best value: 0.576712:  10%|█         | 2/20 [06:24<55:23, 184.63s/it]    Ep   1/50 | loss=2.0081 | val dir=0.111 int=0.188 *
  Ep   2/50 | loss=2.0047 | val dir=0.119 int=0.192 *
  Ep   3/50 | loss=1.9901 | val dir=0.174 int=0.323 *
  Ep   4/50 | loss=1.9426 | val dir=0.267 int=0.563 *
  Ep   5/50 | loss=1.8473 | val dir=0.314 int=0.592 *
  Ep   7/50 | loss=1.7169 | val dir=0.375 int=0.533 *
  Ep   8/50 | loss=1.6774 | val dir=0.425 int=0.545 *
  Ep  10/50 | loss=1.6001 | val dir=0.477 int=0.560 *
  Ep  18/50 | loss=1.4731 | val dir=0.518 int=0.552 *
  Ep  20/50 | loss=1.4410 | val dir=0.504 int=0.503
  Ep  28/50 | loss=1.3758 | val dir=0.521 int=0.574 *
  Ep  30/50 | loss=1.3767 | val dir=0.521 int=0.566
  Ep  31/50 | loss=1.3552 | val dir=0.541 int=0.581 *
  Ep  33/50 | loss=1.3429 | val dir=0.545 int=0.575 *
  Ep  40/50 | loss=1.3086 | val dir=0.530 int=0.575
  Early stop at ep 45
Best trial: 2. Best value: 0.589041:  10%|█         | 2/20 [10:33<55:23, 184.63s/it]Best trial: 2. Best value: 0.589041:  15%|█▌        | 3/20 [10:33<1:00:40, 214.12s/it]  Ep   1/50 | loss=2.1811 | val dir=0.130 int=0.108 *
  Ep   2/50 | loss=2.1718 | val dir=0.163 int=0.130 *
  Ep   3/50 | loss=2.1482 | val dir=0.168 int=0.170 *
  Ep   4/50 | loss=2.0973 | val dir=0.363 int=0.537 *
  Ep   6/50 | loss=1.9751 | val dir=0.384 int=0.533 *
  Ep   8/50 | loss=1.9121 | val dir=0.497 int=0.503 *
  Ep   9/50 | loss=1.8666 | val dir=0.512 int=0.566 *
  Ep  10/50 | loss=1.8109 | val dir=0.462 int=0.523
  Ep  11/50 | loss=1.7712 | val dir=0.555 int=0.605 *
  Ep  12/50 | loss=1.7662 | val dir=0.556 int=0.604 *
  Ep  13/50 | loss=1.7229 | val dir=0.559 int=0.601 *
  Ep  20/50 | loss=1.6239 | val dir=0.538 int=0.592
  Ep  23/50 | loss=1.5882 | val dir=0.575 int=0.571 *
  Ep  26/50 | loss=1.5766 | val dir=0.589 int=0.549 *
  Ep  30/50 | loss=1.5448 | val dir=0.566 int=0.589
  Early stop at ep 38
