Device: cuda (NVIDIA GeForce RTX 5090)
  wp_train       : 105 storms,  3716 timesteps
  wp_val         :  26 storms,   846 timesteps
  sp_test        :  15 storms,   427 timesteps
  sp_ft_train    :  12 storms,   402 timesteps
  sp_ft_val      :   3 storms,    93 timesteps
  wp_train       :  3252 samples
  wp_val         :   730 samples
  sp_test        :   367 samples
  sp_ft_train    :   354 samples
  sp_ft_val      :    81 samples
Dir weights: [ 1.865 14.017 22.583  6.556  0.443  0.409  0.768  0.836]
Int weights: [0.545 4.212 0.723 1.831]
U-Net+FiLM: 10,029,156 params
Params/sample: 3,084
Optimizer: AdamW (lr=0.0005, wd=0.0013)
Scheduler: OneCycleLR (max_lr=0.0015)
Ep   1/50 | T loss=2.0908 dir=0.080 int=0.336 | V loss=2.0741 dir=0.068 int=0.348 *
Ep   2/50 | T loss=2.0585 dir=0.070 int=0.348 | V loss=2.0729 dir=0.070 int=0.356 *
Ep   5/50 | T loss=1.8619 dir=0.158 int=0.499 | V loss=2.0600 dir=0.036 int=0.274
Ep   8/50 | T loss=1.7910 dir=0.355 int=0.508 | V loss=2.0283 dir=0.075 int=0.259 *
Ep   9/50 | T loss=1.7126 dir=0.442 int=0.568 | V loss=2.0113 dir=0.107 int=0.292 *
Ep  10/50 | T loss=1.6975 dir=0.414 int=0.539 | V loss=1.9900 dir=0.147 int=0.337 *
Ep  11/50 | T loss=1.6910 dir=0.403 int=0.523 | V loss=1.9648 dir=0.181 int=0.405 *
Ep  12/50 | T loss=1.6542 dir=0.433 int=0.530 | V loss=1.9363 dir=0.225 int=0.452 *
Ep  13/50 | T loss=1.6683 dir=0.451 int=0.537 | V loss=1.9058 dir=0.267 int=0.488 *
Ep  14/50 | T loss=1.6349 dir=0.449 int=0.510 | V loss=1.8745 dir=0.305 int=0.511 *
Ep  15/50 | T loss=1.6607 dir=0.451 int=0.538 | V loss=1.8436 dir=0.342 int=0.523 *
Ep  16/50 | T loss=1.6369 dir=0.445 int=0.540 | V loss=1.8143 dir=0.386 int=0.537 *
Ep  17/50 | T loss=1.6038 dir=0.506 int=0.560 | V loss=1.7864 dir=0.422 int=0.542 *
Ep  18/50 | T loss=1.5919 dir=0.480 int=0.550 | V loss=1.7608 dir=0.447 int=0.548 *
Ep  19/50 | T loss=1.5592 dir=0.512 int=0.571 | V loss=1.7373 dir=0.458 int=0.549 *
Ep  20/50 | T loss=1.5779 dir=0.496 int=0.560 | V loss=1.7173 dir=0.464 int=0.545 *
Ep  21/50 | T loss=1.5967 dir=0.513 int=0.568 | V loss=1.7016 dir=0.478 int=0.555 *
Ep  22/50 | T loss=1.5789 dir=0.501 int=0.570 | V loss=1.6871 dir=0.501 int=0.552 *
Ep  23/50 | T loss=1.5303 dir=0.555 int=0.580 | V loss=1.6759 dir=0.515 int=0.549 *
Ep  24/50 | T loss=1.6247 dir=0.442 int=0.543 | V loss=1.6665 dir=0.525 int=0.551 *
Ep  25/50 | T loss=1.5339 dir=0.543 int=0.587 | V loss=1.6585 dir=0.523 int=0.544
Ep  30/50 | T loss=1.5108 dir=0.510 int=0.575 | V loss=1.6434 dir=0.522 int=0.538
Ep  34/50 | T loss=1.5181 dir=0.506 int=0.577 | V loss=1.6477 dir=0.526 int=0.540 *
Ep  35/50 | T loss=1.4910 dir=0.529 int=0.580 | V loss=1.6503 dir=0.522 int=0.538
Ep  36/50 | T loss=1.4333 dir=0.582 int=0.622 | V loss=1.6525 dir=0.529 int=0.542 *
Ep  37/50 | T loss=1.5096 dir=0.506 int=0.569 | V loss=1.6545 dir=0.532 int=0.544 *
Ep  38/50 | T loss=1.4594 dir=0.527 int=0.594 | V loss=1.6567 dir=0.534 int=0.541 *
Ep  39/50 | T loss=1.4193 dir=0.538 int=0.590 | V loss=1.6570 dir=0.540 int=0.538 *
Ep  40/50 | T loss=1.5022 dir=0.498 int=0.589 | V loss=1.6579 dir=0.544 int=0.542 *
Ep  41/50 | T loss=1.4534 dir=0.556 int=0.598 | V loss=1.6594 dir=0.548 int=0.542 *
Ep  45/50 | T loss=1.4081 dir=0.593 int=0.623 | V loss=1.6687 dir=0.553 int=0.542 *
Ep  46/50 | T loss=1.4175 dir=0.565 int=0.601 | V loss=1.6700 dir=0.560 int=0.541 *
Ep  50/50 | T loss=1.3777 dir=0.581 int=0.611 | V loss=1.6748 dir=0.558 int=0.552

Best val dir acc: 0.5603
WP Val — dir=0.560 F1=0.407 | int=0.541 F1=0.447
SP Zero-Shot — dir=0.327 F1=0.241 | int=0.452
Transfer gap (dir): -0.233
Full fine-tuning:
  FT  10/25 | dir=0.432 int=0.543
  FT  20/25 | dir=0.432 int=0.519
  Early stop at ep 25
  Best: 0.432
Head-only:
  FT  10/25 | dir=0.333 int=0.494
  Early stop at ep 16
  Best: 0.383
SP Fine-Tuned — dir=0.360 F1=0.274 | int=0.463

================================================================================
 U-Net + FiLM — Final Results
================================================================================
Setting              |  Dir Acc |  Dir F1 |  Int Acc |  Int F1
--------------------------------------------------------------------------------
WP Val               |   56.0% |  40.7% |   54.1% |  44.7%
SP Zero-Shot         |   32.7% |  24.1% |   45.2% |  39.7%
SP Fine-Tuned        |   36.0% |  27.4% |   46.3% |  39.8%
================================================================================
Parameters: 10,029,156
Transfer gap (dir): -0.233
FT recovery (dir):  +0.033
